C:\USERS\ANDY.HARBERT\DOCUMENTS\TEMP\LAB 02 FALL09\LAB02_TASKS\DEBUG\SALES.EXE
C:\USERS\ANDY.HARBERT\DOCUMENTS\TEMP\LAB 02 FALL09\LAB02_TASKS\DEBUG\SALES.ILK
C:\USERS\ANDY.HARBERT\DOCUMENTS\TEMP\LAB 02 FALL09\LAB02_TASKS\DEBUG\SALES.PDB
C:\Users\andy.harbert\Documents\temp\Lab 02 Fall09\Lab02_Tasks\sales\Debug\cl.command.1.tlog
C:\Users\andy.harbert\Documents\temp\Lab 02 Fall09\Lab02_Tasks\sales\Debug\CL.read.1.tlog
C:\Users\andy.harbert\Documents\temp\Lab 02 Fall09\Lab02_Tasks\sales\Debug\CL.write.1.tlog
C:\Users\andy.harbert\Documents\temp\Lab 02 Fall09\Lab02_Tasks\sales\Debug\link.command.1.tlog
C:\Users\andy.harbert\Documents\temp\Lab 02 Fall09\Lab02_Tasks\sales\Debug\link.read.1.tlog
C:\Users\andy.harbert\Documents\temp\Lab 02 Fall09\Lab02_Tasks\sales\Debug\link.write.1.tlog
C:\Users\andy.harbert\Documents\temp\Lab 02 Fall09\Lab02_Tasks\sales\Debug\link-cvtres.read.1.tlog
C:\Users\andy.harbert\Documents\temp\Lab 02 Fall09\Lab02_Tasks\sales\Debug\link-cvtres.write.1.tlog
C:\Users\andy.harbert\Documents\temp\Lab 02 Fall09\Lab02_Tasks\sales\Debug\mt.command.1.tlog
C:\Users\andy.harbert\Documents\temp\Lab 02 Fall09\Lab02_Tasks\sales\Debug\mt.read.1.tlog
C:\Users\andy.harbert\Documents\temp\Lab 02 Fall09\Lab02_Tasks\sales\Debug\mt.write.1.tlog
C:\Users\andy.harbert\Documents\temp\Lab 02 Fall09\Lab02_Tasks\sales\Debug\rc.command.1.tlog
C:\Users\andy.harbert\Documents\temp\Lab 02 Fall09\Lab02_Tasks\sales\Debug\rc.read.1.tlog
C:\Users\andy.harbert\Documents\temp\Lab 02 Fall09\Lab02_Tasks\sales\Debug\rc.write.1.tlog
C:\USERS\ANDY.HARBERT\DOCUMENTS\TEMP\LAB 02 FALL09\LAB02_TASKS\SALES\DEBUG\SALES.EXE.EMBED.MANIFEST
C:\USERS\ANDY.HARBERT\DOCUMENTS\TEMP\LAB 02 FALL09\LAB02_TASKS\SALES\DEBUG\SALES.EXE.EMBED.MANIFEST.RES
C:\USERS\ANDY.HARBERT\DOCUMENTS\TEMP\LAB 02 FALL09\LAB02_TASKS\SALES\DEBUG\SALES.EXE.INTERMEDIATE.MANIFEST
C:\USERS\ANDY.HARBERT\DOCUMENTS\TEMP\LAB 02 FALL09\LAB02_TASKS\SALES\DEBUG\SALES.OBJ
C:\Users\andy.harbert\Documents\temp\Lab 02 Fall09\Lab02_Tasks\sales\Debug\sales_manifest.rc
C:\Users\andy.harbert\Documents\temp\Lab 02 Fall09\Lab02_Tasks\sales\Debug\vc100.idb
C:\USERS\ANDY.HARBERT\DOCUMENTS\TEMP\LAB 02 FALL09\LAB02_TASKS\SALES\DEBUG\VC100.PDB
