C:\USERS\ANDY.HARBERT\DOCUMENTS\VISUAL STUDIO 2010\PROJECTS\LAB06_TASKS\DEBUG\OCEAN.EXE
C:\USERS\ANDY.HARBERT\DOCUMENTS\VISUAL STUDIO 2010\PROJECTS\LAB06_TASKS\DEBUG\OCEAN.ILK
C:\USERS\ANDY.HARBERT\DOCUMENTS\VISUAL STUDIO 2010\PROJECTS\LAB06_TASKS\DEBUG\OCEAN.PDB
c:\Users\andy.harbert\documents\visual studio 2010\Projects\Lab06_Tasks\ocean\Debug\cl.command.1.tlog
c:\Users\andy.harbert\documents\visual studio 2010\Projects\Lab06_Tasks\ocean\Debug\CL.read.1.tlog
c:\Users\andy.harbert\documents\visual studio 2010\Projects\Lab06_Tasks\ocean\Debug\CL.write.1.tlog
c:\Users\andy.harbert\documents\visual studio 2010\Projects\Lab06_Tasks\ocean\Debug\link.command.1.tlog
c:\Users\andy.harbert\documents\visual studio 2010\Projects\Lab06_Tasks\ocean\Debug\link.read.1.tlog
c:\Users\andy.harbert\documents\visual studio 2010\Projects\Lab06_Tasks\ocean\Debug\link.write.1.tlog
c:\Users\andy.harbert\documents\visual studio 2010\Projects\Lab06_Tasks\ocean\Debug\link-cvtres.read.1.tlog
c:\Users\andy.harbert\documents\visual studio 2010\Projects\Lab06_Tasks\ocean\Debug\link-cvtres.write.1.tlog
c:\Users\andy.harbert\documents\visual studio 2010\Projects\Lab06_Tasks\ocean\Debug\mt.command.1.tlog
c:\Users\andy.harbert\documents\visual studio 2010\Projects\Lab06_Tasks\ocean\Debug\mt.read.1.tlog
c:\Users\andy.harbert\documents\visual studio 2010\Projects\Lab06_Tasks\ocean\Debug\mt.write.1.tlog
C:\USERS\ANDY.HARBERT\DOCUMENTS\VISUAL STUDIO 2010\PROJECTS\LAB06_TASKS\OCEAN\DEBUG\OCEAN.EXE.EMBED.MANIFEST
C:\USERS\ANDY.HARBERT\DOCUMENTS\VISUAL STUDIO 2010\PROJECTS\LAB06_TASKS\OCEAN\DEBUG\OCEAN.EXE.EMBED.MANIFEST.RES
C:\USERS\ANDY.HARBERT\DOCUMENTS\VISUAL STUDIO 2010\PROJECTS\LAB06_TASKS\OCEAN\DEBUG\OCEAN.EXE.INTERMEDIATE.MANIFEST
C:\USERS\ANDY.HARBERT\DOCUMENTS\VISUAL STUDIO 2010\PROJECTS\LAB06_TASKS\OCEAN\DEBUG\OCEAN.OBJ
c:\Users\andy.harbert\documents\visual studio 2010\Projects\Lab06_Tasks\ocean\Debug\ocean_manifest.rc
c:\Users\andy.harbert\documents\visual studio 2010\Projects\Lab06_Tasks\ocean\Debug\rc.command.1.tlog
c:\Users\andy.harbert\documents\visual studio 2010\Projects\Lab06_Tasks\ocean\Debug\rc.read.1.tlog
c:\Users\andy.harbert\documents\visual studio 2010\Projects\Lab06_Tasks\ocean\Debug\rc.write.1.tlog
c:\Users\andy.harbert\documents\visual studio 2010\Projects\Lab06_Tasks\ocean\Debug\vc100.idb
C:\USERS\ANDY.HARBERT\DOCUMENTS\VISUAL STUDIO 2010\PROJECTS\LAB06_TASKS\OCEAN\DEBUG\VC100.PDB
