C:\USERS\ANDY.HARBERT\DOCUMENTS\FALL 2011 LOCAL COURSES\PROG I\LAB06_TASKS\DEBUG\LINEUP.EXE
C:\USERS\ANDY.HARBERT\DOCUMENTS\FALL 2011 LOCAL COURSES\PROG I\LAB06_TASKS\DEBUG\LINEUP.ILK
C:\USERS\ANDY.HARBERT\DOCUMENTS\FALL 2011 LOCAL COURSES\PROG I\LAB06_TASKS\DEBUG\LINEUP.PDB
C:\Users\andy.harbert\Documents\Fall 2011 Local Courses\Prog I\Lab06_Tasks\lineup\Debug\cl.command.1.tlog
C:\Users\andy.harbert\Documents\Fall 2011 Local Courses\Prog I\Lab06_Tasks\lineup\Debug\CL.read.1.tlog
C:\Users\andy.harbert\Documents\Fall 2011 Local Courses\Prog I\Lab06_Tasks\lineup\Debug\CL.write.1.tlog
C:\USERS\ANDY.HARBERT\DOCUMENTS\FALL 2011 LOCAL COURSES\PROG I\LAB06_TASKS\LINEUP\DEBUG\LINEUP.EXE.EMBED.MANIFEST
C:\USERS\ANDY.HARBERT\DOCUMENTS\FALL 2011 LOCAL COURSES\PROG I\LAB06_TASKS\LINEUP\DEBUG\LINEUP.EXE.EMBED.MANIFEST.RES
C:\USERS\ANDY.HARBERT\DOCUMENTS\FALL 2011 LOCAL COURSES\PROG I\LAB06_TASKS\LINEUP\DEBUG\LINEUP.EXE.INTERMEDIATE.MANIFEST
C:\USERS\ANDY.HARBERT\DOCUMENTS\FALL 2011 LOCAL COURSES\PROG I\LAB06_TASKS\LINEUP\DEBUG\LINEUP.OBJ
C:\Users\andy.harbert\Documents\Fall 2011 Local Courses\Prog I\Lab06_Tasks\lineup\Debug\lineup_manifest.rc
C:\Users\andy.harbert\Documents\Fall 2011 Local Courses\Prog I\Lab06_Tasks\lineup\Debug\link.3744.read.1.tlog
C:\Users\andy.harbert\Documents\Fall 2011 Local Courses\Prog I\Lab06_Tasks\lineup\Debug\link.3744.write.1.tlog
C:\Users\andy.harbert\Documents\Fall 2011 Local Courses\Prog I\Lab06_Tasks\lineup\Debug\link.3744-cvtres.read.1.tlog
C:\Users\andy.harbert\Documents\Fall 2011 Local Courses\Prog I\Lab06_Tasks\lineup\Debug\link.3744-cvtres.write.1.tlog
C:\Users\andy.harbert\Documents\Fall 2011 Local Courses\Prog I\Lab06_Tasks\lineup\Debug\link.7888.read.1.tlog
C:\Users\andy.harbert\Documents\Fall 2011 Local Courses\Prog I\Lab06_Tasks\lineup\Debug\link.7888.write.1.tlog
C:\Users\andy.harbert\Documents\Fall 2011 Local Courses\Prog I\Lab06_Tasks\lineup\Debug\link.7888-cvtres.read.1.tlog
C:\Users\andy.harbert\Documents\Fall 2011 Local Courses\Prog I\Lab06_Tasks\lineup\Debug\link.7888-cvtres.write.1.tlog
C:\Users\andy.harbert\Documents\Fall 2011 Local Courses\Prog I\Lab06_Tasks\lineup\Debug\link.command.1.tlog
C:\Users\andy.harbert\Documents\Fall 2011 Local Courses\Prog I\Lab06_Tasks\lineup\Debug\link.read.1.tlog
C:\Users\andy.harbert\Documents\Fall 2011 Local Courses\Prog I\Lab06_Tasks\lineup\Debug\link.write.1.tlog
C:\Users\andy.harbert\Documents\Fall 2011 Local Courses\Prog I\Lab06_Tasks\lineup\Debug\link-cvtres.read.1.tlog
C:\Users\andy.harbert\Documents\Fall 2011 Local Courses\Prog I\Lab06_Tasks\lineup\Debug\link-cvtres.write.1.tlog
C:\Users\andy.harbert\Documents\Fall 2011 Local Courses\Prog I\Lab06_Tasks\lineup\Debug\mt.command.1.tlog
C:\Users\andy.harbert\Documents\Fall 2011 Local Courses\Prog I\Lab06_Tasks\lineup\Debug\mt.read.1.tlog
C:\Users\andy.harbert\Documents\Fall 2011 Local Courses\Prog I\Lab06_Tasks\lineup\Debug\mt.write.1.tlog
C:\Users\andy.harbert\Documents\Fall 2011 Local Courses\Prog I\Lab06_Tasks\lineup\Debug\rc.command.1.tlog
C:\Users\andy.harbert\Documents\Fall 2011 Local Courses\Prog I\Lab06_Tasks\lineup\Debug\rc.read.1.tlog
C:\Users\andy.harbert\Documents\Fall 2011 Local Courses\Prog I\Lab06_Tasks\lineup\Debug\rc.write.1.tlog
C:\Users\andy.harbert\Documents\Fall 2011 Local Courses\Prog I\Lab06_Tasks\lineup\Debug\vc100.idb
C:\USERS\ANDY.HARBERT\DOCUMENTS\FALL 2011 LOCAL COURSES\PROG I\LAB06_TASKS\LINEUP\DEBUG\VC100.PDB
