c:\users\andy.harbert\documents\temp\lab 02 fall09\lab02_tasks\temperature\debug\temperature.obj
c:\users\andy.harbert\documents\temp\lab 02 fall09\lab02_tasks\temperature\debug\vc100.pdb
c:\users\andy.harbert\documents\temp\lab 02 fall09\lab02_tasks\temperature\debug\temperature.ilk
c:\users\andy.harbert\documents\temp\lab 02 fall09\lab02_tasks\temperature\debug\temperature.exe
c:\users\andy.harbert\documents\temp\lab 02 fall09\lab02_tasks\temperature\debug\temperature.exe.intermediate.manifest
c:\users\andy.harbert\documents\temp\lab 02 fall09\lab02_tasks\temperature\debug\temperature.pdb
c:\users\andy.harbert\documents\temp\lab 02 fall09\lab02_tasks\temperature\debug\temperature.exe.embed.manifest.res
c:\users\ryderdale\downloads\lab02_tasks(1)\lab02_tasks\temperature\debug\vc120.pdb
c:\users\ryderdale\downloads\lab02_tasks(1)\lab02_tasks\temperature\debug\vc120.idb
c:\users\ryderdale\downloads\lab02_tasks(1)\lab02_tasks\temperature\debug\temperature.obj
c:\users\ryderdale\downloads\lab02_tasks(1)\lab02_tasks\temperature\debug\cl.command.1.tlog
c:\users\ryderdale\downloads\lab02_tasks(1)\lab02_tasks\temperature\debug\cl.read.1.tlog
c:\users\ryderdale\downloads\lab02_tasks(1)\lab02_tasks\temperature\debug\cl.write.1.tlog
c:\users\ryderdale\downloads\lab02_tasks(1)\lab02_tasks\temperature\debug\link-cvtres.read.1.tlog
c:\users\ryderdale\downloads\lab02_tasks(1)\lab02_tasks\temperature\debug\link-cvtres.write.1.tlog
c:\users\ryderdale\downloads\lab02_tasks(1)\lab02_tasks\temperature\debug\link.command.1.tlog
c:\users\ryderdale\downloads\lab02_tasks(1)\lab02_tasks\temperature\debug\link.read.1.tlog
c:\users\ryderdale\downloads\lab02_tasks(1)\lab02_tasks\temperature\debug\link.write.1.tlog
c:\users\ryderdale\downloads\lab02_tasks(1)\lab02_tasks\temperature\debug\mt.command.1.tlog
c:\users\ryderdale\downloads\lab02_tasks(1)\lab02_tasks\temperature\debug\mt.read.1.tlog
c:\users\ryderdale\downloads\lab02_tasks(1)\lab02_tasks\temperature\debug\mt.write.1.tlog
c:\users\ryderdale\downloads\lab02_tasks(1)\lab02_tasks\temperature\debug\rc.command.1.tlog
c:\users\ryderdale\downloads\lab02_tasks(1)\lab02_tasks\temperature\debug\rc.read.1.tlog
c:\users\ryderdale\downloads\lab02_tasks(1)\lab02_tasks\temperature\debug\rc.write.1.tlog
c:\users\ryderdale\downloads\lab02_tasks(1)\lab02_tasks\temperature\debug\temperature.exe.embed.manifest
c:\users\ryderdale\downloads\lab02_tasks(1)\lab02_tasks\temperature\debug\temperature.exe.intermediate.manifest
c:\users\ryderdale\downloads\lab02_tasks(1)\lab02_tasks\temperature\debug\temperature.exe.embed.manifest.res
c:\users\ryderdale\downloads\lab02_tasks(1)\lab02_tasks\temperature\debug\vc100.idb
c:\users\ryderdale\downloads\lab02_tasks(1)\lab02_tasks\temperature\debug\vc90.idb
c:\users\ryderdale\downloads\lab02_tasks(1)\lab02_tasks\temperature\debug\temperature.pdb
c:\users\ryderdale\downloads\lab02_tasks(1)\lab02_tasks\temperature\debug\vc100.pdb
c:\users\ryderdale\downloads\lab02_tasks(1)\lab02_tasks\temperature\debug\vc90.pdb
c:\users\ryderdale\downloads\lab02_tasks(1)\lab02_tasks\temperature\debug\temperature_manifest.rc
c:\users\ryderdale\downloads\lab02_tasks(1)\lab02_tasks\temperature\debug\temperature.tlog\cl.command.1.tlog
c:\users\ryderdale\downloads\lab02_tasks(1)\lab02_tasks\temperature\debug\temperature.tlog\cl.read.1.tlog
c:\users\ryderdale\downloads\lab02_tasks(1)\lab02_tasks\temperature\debug\temperature.tlog\cl.write.1.tlog
c:\users\ryderdale\downloads\lab02_tasks(1)\lab02_tasks\temperature\debug\temperature.tlog\link-cvtres.read.1.tlog
c:\users\ryderdale\downloads\lab02_tasks(1)\lab02_tasks\temperature\debug\temperature.tlog\link-cvtres.write.1.tlog
c:\users\ryderdale\downloads\lab02_tasks(1)\lab02_tasks\temperature\debug\temperature.tlog\link-rc.read.1.tlog
c:\users\ryderdale\downloads\lab02_tasks(1)\lab02_tasks\temperature\debug\temperature.tlog\link-rc.write.1.tlog
c:\users\ryderdale\downloads\lab02_tasks(1)\lab02_tasks\temperature\debug\temperature.tlog\link.command.1.tlog
c:\users\ryderdale\downloads\lab02_tasks(1)\lab02_tasks\temperature\debug\temperature.tlog\link.read.1.tlog
c:\users\ryderdale\downloads\lab02_tasks(1)\lab02_tasks\temperature\debug\temperature.tlog\link.write.1.tlog
