H:\SPRING 2013\PROGRAMMING I SPRING 13\LABS\LAB 08 SPRING13\LAB08_TASKS\ARRAY1\DEBUG\ARRAY1.EXE.EMBED.MANIFEST
H:\SPRING 2013\PROGRAMMING I SPRING 13\LABS\LAB 08 SPRING13\LAB08_TASKS\ARRAY1\DEBUG\ARRAY1.EXE.EMBED.MANIFEST.RES
H:\SPRING 2013\PROGRAMMING I SPRING 13\LABS\LAB 08 SPRING13\LAB08_TASKS\ARRAY1\DEBUG\ARRAY1.EXE.INTERMEDIATE.MANIFEST
H:\SPRING 2013\PROGRAMMING I SPRING 13\LABS\LAB 08 SPRING13\LAB08_TASKS\ARRAY1\DEBUG\ARRAY1.OBJ
H:\Spring 2013\Programming I Spring 13\Labs\Lab 08 Spring13\Lab08_Tasks\array1\Debug\array1.vcxprojResolveAssemblyReference.cache
H:\Spring 2013\Programming I Spring 13\Labs\Lab 08 Spring13\Lab08_Tasks\array1\Debug\array1.write.1.tlog
H:\Spring 2013\Programming I Spring 13\Labs\Lab 08 Spring13\Lab08_Tasks\array1\Debug\array1_manifest.rc
H:\Spring 2013\Programming I Spring 13\Labs\Lab 08 Spring13\Lab08_Tasks\array1\Debug\cl.command.1.tlog
H:\Spring 2013\Programming I Spring 13\Labs\Lab 08 Spring13\Lab08_Tasks\array1\Debug\CL.read.1.tlog
H:\Spring 2013\Programming I Spring 13\Labs\Lab 08 Spring13\Lab08_Tasks\array1\Debug\CL.write.1.tlog
H:\Spring 2013\Programming I Spring 13\Labs\Lab 08 Spring13\Lab08_Tasks\array1\Debug\link.6072.read.1.tlog
H:\Spring 2013\Programming I Spring 13\Labs\Lab 08 Spring13\Lab08_Tasks\array1\Debug\link.6072.read.2.tlog
H:\Spring 2013\Programming I Spring 13\Labs\Lab 08 Spring13\Lab08_Tasks\array1\Debug\link.6072.write.1.tlog
H:\Spring 2013\Programming I Spring 13\Labs\Lab 08 Spring13\Lab08_Tasks\array1\Debug\link.6072-cvtres.read.1.tlog
H:\Spring 2013\Programming I Spring 13\Labs\Lab 08 Spring13\Lab08_Tasks\array1\Debug\link.6072-cvtres.write.1.tlog
H:\Spring 2013\Programming I Spring 13\Labs\Lab 08 Spring13\Lab08_Tasks\array1\Debug\link.command.1.tlog
H:\Spring 2013\Programming I Spring 13\Labs\Lab 08 Spring13\Lab08_Tasks\array1\Debug\link.read.1.tlog
H:\Spring 2013\Programming I Spring 13\Labs\Lab 08 Spring13\Lab08_Tasks\array1\Debug\link.read.2.tlog
H:\Spring 2013\Programming I Spring 13\Labs\Lab 08 Spring13\Lab08_Tasks\array1\Debug\link.write.1.tlog
H:\Spring 2013\Programming I Spring 13\Labs\Lab 08 Spring13\Lab08_Tasks\array1\Debug\link-cvtres.read.1.tlog
H:\Spring 2013\Programming I Spring 13\Labs\Lab 08 Spring13\Lab08_Tasks\array1\Debug\link-cvtres.write.1.tlog
H:\Spring 2013\Programming I Spring 13\Labs\Lab 08 Spring13\Lab08_Tasks\array1\Debug\mt.command.1.tlog
H:\Spring 2013\Programming I Spring 13\Labs\Lab 08 Spring13\Lab08_Tasks\array1\Debug\mt.read.1.tlog
H:\Spring 2013\Programming I Spring 13\Labs\Lab 08 Spring13\Lab08_Tasks\array1\Debug\mt.write.1.tlog
H:\Spring 2013\Programming I Spring 13\Labs\Lab 08 Spring13\Lab08_Tasks\array1\Debug\rc.command.1.tlog
H:\Spring 2013\Programming I Spring 13\Labs\Lab 08 Spring13\Lab08_Tasks\array1\Debug\rc.read.1.tlog
H:\Spring 2013\Programming I Spring 13\Labs\Lab 08 Spring13\Lab08_Tasks\array1\Debug\rc.write.1.tlog
H:\Spring 2013\Programming I Spring 13\Labs\Lab 08 Spring13\Lab08_Tasks\array1\Debug\vc100.idb
H:\SPRING 2013\PROGRAMMING I SPRING 13\LABS\LAB 08 SPRING13\LAB08_TASKS\ARRAY1\DEBUG\VC100.PDB
H:\SPRING 2013\PROGRAMMING I SPRING 13\LABS\LAB 08 SPRING13\LAB08_TASKS\DEBUG\ARRAY1.EXE
H:\SPRING 2013\PROGRAMMING I SPRING 13\LABS\LAB 08 SPRING13\LAB08_TASKS\DEBUG\ARRAY1.ILK
H:\SPRING 2013\PROGRAMMING I SPRING 13\LABS\LAB 08 SPRING13\LAB08_TASKS\DEBUG\ARRAY1.PDB
