C:\USERS\ANDY.HARBERT\DOCUMENTS\FALL 2011 LOCAL COURSES\PROG I\LAB 06.FALL11\LAB06_TASKS\DEBUG\GUESSING.EXE
C:\USERS\ANDY.HARBERT\DOCUMENTS\FALL 2011 LOCAL COURSES\PROG I\LAB 06.FALL11\LAB06_TASKS\DEBUG\GUESSING.ILK
C:\USERS\ANDY.HARBERT\DOCUMENTS\FALL 2011 LOCAL COURSES\PROG I\LAB 06.FALL11\LAB06_TASKS\DEBUG\GUESSING.PDB
C:\Users\andy.harbert\Documents\Fall 2011 Local Courses\Prog I\Lab 06.Fall11\Lab06_Tasks\guessing\Debug\cl.command.1.tlog
C:\Users\andy.harbert\Documents\Fall 2011 Local Courses\Prog I\Lab 06.Fall11\Lab06_Tasks\guessing\Debug\CL.read.1.tlog
C:\Users\andy.harbert\Documents\Fall 2011 Local Courses\Prog I\Lab 06.Fall11\Lab06_Tasks\guessing\Debug\CL.write.1.tlog
C:\USERS\ANDY.HARBERT\DOCUMENTS\FALL 2011 LOCAL COURSES\PROG I\LAB 06.FALL11\LAB06_TASKS\GUESSING\DEBUG\GUESSING.EXE.EMBED.MANIFEST
C:\USERS\ANDY.HARBERT\DOCUMENTS\FALL 2011 LOCAL COURSES\PROG I\LAB 06.FALL11\LAB06_TASKS\GUESSING\DEBUG\GUESSING.EXE.EMBED.MANIFEST.RES
C:\USERS\ANDY.HARBERT\DOCUMENTS\FALL 2011 LOCAL COURSES\PROG I\LAB 06.FALL11\LAB06_TASKS\GUESSING\DEBUG\GUESSING.EXE.INTERMEDIATE.MANIFEST
C:\USERS\ANDY.HARBERT\DOCUMENTS\FALL 2011 LOCAL COURSES\PROG I\LAB 06.FALL11\LAB06_TASKS\GUESSING\DEBUG\GUESSING.OBJ
C:\Users\andy.harbert\Documents\Fall 2011 Local Courses\Prog I\Lab 06.Fall11\Lab06_Tasks\guessing\Debug\guessing_manifest.rc
C:\Users\andy.harbert\Documents\Fall 2011 Local Courses\Prog I\Lab 06.Fall11\Lab06_Tasks\guessing\Debug\link.4584.read.1.tlog
C:\Users\andy.harbert\Documents\Fall 2011 Local Courses\Prog I\Lab 06.Fall11\Lab06_Tasks\guessing\Debug\link.4584.write.1.tlog
C:\Users\andy.harbert\Documents\Fall 2011 Local Courses\Prog I\Lab 06.Fall11\Lab06_Tasks\guessing\Debug\link.4584-cvtres.read.1.tlog
C:\Users\andy.harbert\Documents\Fall 2011 Local Courses\Prog I\Lab 06.Fall11\Lab06_Tasks\guessing\Debug\link.4584-cvtres.write.1.tlog
C:\Users\andy.harbert\Documents\Fall 2011 Local Courses\Prog I\Lab 06.Fall11\Lab06_Tasks\guessing\Debug\link.command.1.tlog
C:\Users\andy.harbert\Documents\Fall 2011 Local Courses\Prog I\Lab 06.Fall11\Lab06_Tasks\guessing\Debug\link.read.1.tlog
C:\Users\andy.harbert\Documents\Fall 2011 Local Courses\Prog I\Lab 06.Fall11\Lab06_Tasks\guessing\Debug\link.write.1.tlog
C:\Users\andy.harbert\Documents\Fall 2011 Local Courses\Prog I\Lab 06.Fall11\Lab06_Tasks\guessing\Debug\link-cvtres.read.1.tlog
C:\Users\andy.harbert\Documents\Fall 2011 Local Courses\Prog I\Lab 06.Fall11\Lab06_Tasks\guessing\Debug\link-cvtres.write.1.tlog
C:\Users\andy.harbert\Documents\Fall 2011 Local Courses\Prog I\Lab 06.Fall11\Lab06_Tasks\guessing\Debug\mt.command.1.tlog
C:\Users\andy.harbert\Documents\Fall 2011 Local Courses\Prog I\Lab 06.Fall11\Lab06_Tasks\guessing\Debug\mt.read.1.tlog
C:\Users\andy.harbert\Documents\Fall 2011 Local Courses\Prog I\Lab 06.Fall11\Lab06_Tasks\guessing\Debug\mt.write.1.tlog
C:\Users\andy.harbert\Documents\Fall 2011 Local Courses\Prog I\Lab 06.Fall11\Lab06_Tasks\guessing\Debug\rc.command.1.tlog
C:\Users\andy.harbert\Documents\Fall 2011 Local Courses\Prog I\Lab 06.Fall11\Lab06_Tasks\guessing\Debug\rc.read.1.tlog
C:\Users\andy.harbert\Documents\Fall 2011 Local Courses\Prog I\Lab 06.Fall11\Lab06_Tasks\guessing\Debug\rc.write.1.tlog
C:\Users\andy.harbert\Documents\Fall 2011 Local Courses\Prog I\Lab 06.Fall11\Lab06_Tasks\guessing\Debug\vc100.idb
C:\USERS\ANDY.HARBERT\DOCUMENTS\FALL 2011 LOCAL COURSES\PROG I\LAB 06.FALL11\LAB06_TASKS\GUESSING\DEBUG\VC100.PDB
